<?xml version="1.0" encoding="UTF-8"?>
<!-- Generated by org.testng.reporters.JUnitReportReporter -->
<testsuite hostname="DESKTOP-200R3V6" failures="0" tests="1" name="com.dps.git.DpsGitTry" time="0.006" errors="0" timestamp="2022-11-15T17:08:54 CET" skipped="0">
  <testcase classname="com.dps.git.DpsGitTry" name="try_01" time="0.006"/>
  <system-out/>
</testsuite> <!-- com.dps.git.DpsGitTry -->
